#
# There is insufficient memory for the Java Runtime Environment to continue.
# Native memory allocation (mmap) failed to map 123731968 bytes. Error detail: G1 virtual space
# Possible reasons:
#   The system is out of physical RAM or swap space
#   This process is running with CompressedOops enabled, and the Java Heap may be blocking the growth of the native heap
# Possible solutions:
#   Reduce memory load on the system
#   Increase physical memory or swap space
#   Check if swap backing store is full
#   Decrease Java heap size (-Xmx/-Xms)
#   Decrease number of Java threads
#   Decrease Java thread stack sizes (-Xss)
#   Set larger code cache with -XX:ReservedCodeCacheSize=
#   JVM is running with Unscaled Compressed Oops mode in which the Java heap is
#     placed in the first 4GB address space. The Java Heap base address is the
#     maximum limit for the native heap growth. Please use -XX:HeapBaseMinAddress
#     to set the Java Heap base and to place the Java Heap above 4GB virtual address.
# This output file may be truncated or incomplete.
#
#  Out of Memory Error (os_windows.cpp:3707), pid=1540, tid=24612
#
# JRE version:  (23.0.2+7) (build )
# Java VM: Java HotSpot(TM) 64-Bit Server VM (23.0.2+7-58, mixed mode, sharing, tiered, compressed oops, compressed class ptrs, g1 gc, windows-amd64)
# No core dump will be written. Minidumps are not enabled by default on client versions of Windows
#

---------------  S U M M A R Y ------------

Command Line: C:\Users\Anuj\AppData\Local\Temp\surefire10916875098422259895\surefirebooter-20251008194305663_3.jar C:\Users\Anuj\AppData\Local\Temp\surefire10916875098422259895 2025-10-08T19-43-01_008-jvmRun1 surefire-20251008194305663_1tmp surefire_0-20251008194305663_2tmp

Host: AMD Ryzen 5 5600H with Radeon Graphics         , 12 cores, 7G,  Windows 11 , 64 bit Build 26100 (10.0.26100.5074)
Time: Wed Oct  8 19:43:31 2025 India Standard Time elapsed time: 10.770001 seconds (0d 0h 0m 10s)

---------------  T H R E A D  ---------------

Current thread (0x000001bc46850130):  JavaThread "Unknown thread" [_thread_in_vm, id=24612, stack(0x0000003348400000,0x0000003348500000) (1024K)]

Stack: [0x0000003348400000,0x0000003348500000]
Native frames: (J=compiled Java code, j=interpreted, Vv=VM code, C=native code)
V  [jvm.dll+0x6e0b99]  (no source info available)
V  [jvm.dll+0x87e2b3]  (no source info available)
V  [jvm.dll+0x88073e]  (no source info available)
V  [jvm.dll+0x880e13]  (no source info available)
V  [jvm.dll+0x27b006]  (no source info available)
V  [jvm.dll+0x6dd485]  (no source info available)
V  [jvm.dll+0x6d127a]  (no source info available)
V  [jvm.dll+0x35b50a]  (no source info available)
V  [jvm.dll+0x363916]  (no source info available)
V  [jvm.dll+0x34fe7e]  (no source info available)
V  [jvm.dll+0x350118]  (no source info available)
V  [jvm.dll+0x328aec]  (no source info available)
V  [jvm.dll+0x32978e]  (no source info available)
V  [jvm.dll+0x8449a5]  (no source info available)
V  [jvm.dll+0x3b9a08]  (no source info available)
V  [jvm.dll+0x82d68c]  (no source info available)
V  [jvm.dll+0x454f2e]  (no source info available)
V  [jvm.dll+0x456db1]  (no source info available)
C  [jli.dll+0x52a3]  (no source info available)
C  [ucrtbase.dll+0x37b0]  (no source info available)
C  [KERNEL32.DLL+0x2e8d7]  (no source info available)
C  [ntdll.dll+0x8d9c]  (no source info available)

Lock stack of current Java thread (top to bottom):


---------------  P R O C E S S  ---------------

Threads class SMR info:
_java_thread_list=0x00007ff9f4624618, length=0, elements={
}

Java Threads: ( => current thread )
Total: 0

Other Threads:
  0x000001bc48bae340 WorkerThread "GC Thread#0"                     [id=44804, stack(0x0000003348500000,0x0000003348600000) (1024K)]
  0x000001bc48bc18b0 ConcurrentGCThread "G1 Main Marker"            [id=37668, stack(0x0000003348600000,0x0000003348700000) (1024K)]
  0x000001bc48bc22d0 WorkerThread "G1 Conc#0"                       [id=19256, stack(0x0000003348700000,0x0000003348800000) (1024K)]

[error occurred during error reporting (printing all threads), id 0xc0000005, EXCEPTION_ACCESS_VIOLATION (0xc0000005) at pc=0x00007ff9f3d6c0da]
VM state: not at safepoint (not fully initialized)

VM Mutex/Monitor currently owned by a thread:  ([mutex/lock_event])
[0x00007ff9f46a4988] Heap_lock - owner thread: 0x000001bc46850130

Heap address: 0x000000008a600000, size: 1882 MB, Compressed Oops mode: 32-bit

CDS archive(s) mapped at: [0x0000000000000000-0x0000000000000000-0x0000000000000000), size 0, SharedBaseAddress: 0x0000000800000000, ArchiveRelocationMode: 1.
Narrow klass base: 0x0000000000000000, Narrow klass shift: 0, Narrow klass range: 0x0

GC Precious Log:
 CardTable entry size: 512
 Card Set container configuration: InlinePtr #cards 5 size 8 Array Of Cards #cards 10 size 36 Howl #buckets 4 coarsen threshold 1843 Howl Bitmap #cards 512 size 80 coarsen threshold 460 Card regions per heap region 1 cards per card region 2048

Heap:
 garbage-first heap   total reserved 1927168K, committed 0K, used 0K [0x000000008a600000, 0x0000000100000000)
  region size 1024K, 0 young (0K), 0 survivors (0K)

[error occurred during error reporting (printing heap information), id 0xc0000005, EXCEPTION_ACCESS_VIOLATION (0xc0000005) at pc=0x00007ff9f416c6a9]
GC Heap History (0 events):
No events

Dll operation events (1 events):
Event: 8.426 Loaded shared library C:\Program Files\Java\jdk-23\bin\java.dll

Deoptimization events (0 events):
No events

Classes loaded (0 events):
No events

Classes unloaded (0 events):
No events

Classes redefined (0 events):
No events

Internal exceptions (0 events):
No events

VM Operations (0 events):
No events

Memory protections (0 events):
No events

Nmethod flushes (0 events):
No events

Events (0 events):
No events


Dynamic libraries:
0x00007ff756dd0000 - 0x00007ff756de0000 	C:\Program Files\Java\jdk-23\bin\java.exe
0x00007ffa90160000 - 0x00007ffa903c9000 	C:\WINDOWS\SYSTEM32\ntdll.dll
0x00007ffa8f3c0000 - 0x00007ffa8f489000 	C:\WINDOWS\System32\KERNEL32.DLL
0x00007ffa8d660000 - 0x00007ffa8da53000 	C:\WINDOWS\System32\KERNELBASE.dll
0x00007ffa8dca0000 - 0x00007ffa8ddeb000 	C:\WINDOWS\System32\ucrtbase.dll
0x00007ffa53800000 - 0x00007ffa5381b000 	C:\Program Files\Java\jdk-23\bin\VCRUNTIME140.dll
0x00007ffa48ed0000 - 0x00007ffa48ee7000 	C:\Program Files\Java\jdk-23\bin\jli.dll
0x00007ffa8efd0000 - 0x00007ffa8f194000 	C:\WINDOWS\System32\USER32.dll
0x00007ffa8d2f0000 - 0x00007ffa8d317000 	C:\WINDOWS\System32\win32u.dll
0x00007ffa8fd20000 - 0x00007ffa8fd4b000 	C:\WINDOWS\System32\GDI32.dll
0x00007ffa70750000 - 0x00007ffa709e3000 	C:\WINDOWS\WinSxS\amd64_microsoft.windows.common-controls_6595b64144ccf1df_6.0.26100.5074_none_3e0d6f78e32fd63f\COMCTL32.dll
0x00007ffa8d320000 - 0x00007ffa8d44d000 	C:\WINDOWS\System32\gdi32full.dll
0x00007ffa8ddf0000 - 0x00007ffa8de93000 	C:\WINDOWS\System32\msvcp_win.dll
0x00007ffa8fdf0000 - 0x00007ffa8fe99000 	C:\WINDOWS\System32\msvcrt.dll
0x00007ffa8f490000 - 0x00007ffa8f4bf000 	C:\WINDOWS\System32\IMM32.DLL
0x00007ffa6e6f0000 - 0x00007ffa6e6fc000 	C:\Program Files\Java\jdk-23\bin\vcruntime140_1.dll
0x00007ffa3c280000 - 0x00007ffa3c30e000 	C:\Program Files\Java\jdk-23\bin\msvcp140.dll
0x00007ff9f3a30000 - 0x00007ff9f4780000 	C:\Program Files\Java\jdk-23\bin\server\jvm.dll
0x00007ffa8e230000 - 0x00007ffa8e2e4000 	C:\WINDOWS\System32\ADVAPI32.dll
0x00007ffa8eba0000 - 0x00007ffa8ec46000 	C:\WINDOWS\System32\sechost.dll
0x00007ffa90000000 - 0x00007ffa90118000 	C:\WINDOWS\System32\RPCRT4.dll
0x00007ffa8e1b0000 - 0x00007ffa8e224000 	C:\WINDOWS\System32\WS2_32.dll
0x00007ffa8d170000 - 0x00007ffa8d1ce000 	C:\WINDOWS\SYSTEM32\POWRPROF.dll
0x00007ffa85340000 - 0x00007ffa85375000 	C:\WINDOWS\SYSTEM32\WINMM.dll
0x00007ffa85c30000 - 0x00007ffa85c3b000 	C:\WINDOWS\SYSTEM32\VERSION.dll
0x00007ffa8d150000 - 0x00007ffa8d164000 	C:\WINDOWS\SYSTEM32\UMPDC.dll
0x00007ffa8c0a0000 - 0x00007ffa8c0bb000 	C:\WINDOWS\SYSTEM32\kernel.appcore.dll
0x00007ffa6be10000 - 0x00007ffa6be1a000 	C:\Program Files\Java\jdk-23\bin\jimage.dll
0x00007ffa7ff20000 - 0x00007ffa80162000 	C:\WINDOWS\SYSTEM32\DBGHELP.DLL
0x00007ffa8ec50000 - 0x00007ffa8efcb000 	C:\WINDOWS\System32\combase.dll
0x00007ffa8df30000 - 0x00007ffa8e007000 	C:\WINDOWS\System32\OLEAUT32.dll
0x00007ffa6b370000 - 0x00007ffa6b3ad000 	C:\WINDOWS\SYSTEM32\dbgcore.DLL
0x00007ffa8d450000 - 0x00007ffa8d4e9000 	C:\WINDOWS\System32\bcryptPrimitives.dll
0x00007ffa48e90000 - 0x00007ffa48eae000 	C:\Program Files\Java\jdk-23\bin\java.dll
0x00007ffa8e010000 - 0x00007ffa8e1a8000 	C:\WINDOWS\System32\ole32.dll
0x00007ffa8e450000 - 0x00007ffa8eb9d000 	C:\WINDOWS\System32\SHELL32.dll
0x00007ffa8d4f0000 - 0x00007ffa8d65c000 	C:\WINDOWS\System32\wintypes.dll

dbghelp: loaded successfully - version: 4.0.5 - missing functions: none
symbol engine: initialized successfully - sym options: 0x614 - pdb path: .;C:\Program Files\Java\jdk-23\bin;C:\WINDOWS\SYSTEM32;C:\WINDOWS\WinSxS\amd64_microsoft.windows.common-controls_6595b64144ccf1df_6.0.26100.5074_none_3e0d6f78e32fd63f;C:\Program Files\Java\jdk-23\bin\server

VM Arguments:
java_command: C:\Users\Anuj\AppData\Local\Temp\surefire10916875098422259895\surefirebooter-20251008194305663_3.jar C:\Users\Anuj\AppData\Local\Temp\surefire10916875098422259895 2025-10-08T19-43-01_008-jvmRun1 surefire-20251008194305663_1tmp surefire_0-20251008194305663_2tmp
java_class_path (initial): C:\Users\Anuj\AppData\Local\Temp\surefire10916875098422259895\surefirebooter-20251008194305663_3.jar
Launcher Type: SUN_STANDARD

[Global flags]
     intx CICompilerCount                          = 4                                         {product} {ergonomic}
     uint ConcGCThreads                            = 3                                         {product} {ergonomic}
     uint G1ConcRefinementThreads                  = 10                                        {product} {ergonomic}
   size_t G1HeapRegionSize                         = 1048576                                   {product} {ergonomic}
   size_t InitialHeapSize                          = 123731968                                 {product} {ergonomic}
   size_t MarkStackSize                            = 4194304                                   {product} {ergonomic}
   size_t MarkStackSizeMax                         = 536870912                                 {product} {ergonomic}
   size_t MaxHeapSize                              = 1973420032                                {product} {ergonomic}
   size_t MinHeapDeltaBytes                        = 1048576                                   {product} {ergonomic}
   size_t MinHeapSize                              = 8388608                                   {product} {ergonomic}
    uintx NonNMethodCodeHeapSize                   = 5832704                                {pd product} {ergonomic}
    uintx NonProfiledCodeHeapSize                  = 122945536                              {pd product} {ergonomic}
    uintx ProfiledCodeHeapSize                     = 122880000                              {pd product} {ergonomic}
    uintx ReservedCodeCacheSize                    = 251658240                              {pd product} {ergonomic}
     bool SegmentedCodeCache                       = true                                      {product} {ergonomic}
   size_t SoftMaxHeapSize                          = 1973420032                             {manageable} {ergonomic}
     bool UseCompressedOops                        = true                           {product lp64_product} {ergonomic}
     bool UseG1GC                                  = true                                      {product} {ergonomic}
     bool UseLargePagesIndividualAllocation        = false                                  {pd product} {ergonomic}

Logging:
Log output configuration:
 #0: stdout all=warning uptime,level,tags foldmultilines=false
 #1: stderr all=off uptime,level,tags foldmultilines=false

Environment Variables:
PATH=C:\Program Files (x86)\VMware\VMware Workstation\bin\;C:\Program Files\Common Files\Oracle\Java\javapath;C:\windows\system32;C:\windows;C:\windows\System32\Wbem;C:\windows\System32\WindowsPowerShell\v1.0\;C:\windows\System32\OpenSSH\;C:\Program Files (x86)\NVIDIA Corporation\PhysX\Common;C:\Program Files\NVIDIA Corporation\NVIDIA NvDLISR;C:\msys64\mingw64\bin;C:\WINDOWS\system32;C:\WINDOWS;C:\WINDOWS\System32\Wbem;C:\WINDOWS\System32\WindowsPowerShell\v1.0\;C:\WINDOWS\System32\OpenSSH\;C:\Program Files\dotnet\;C:\Program Files\HP\HP One Agent;C:\WINDOWS\system32;C:\WINDOWS;C:\WINDOWS\System32\Wbem;C:\WINDOWS\System32\WindowsPowerShell\v1.0\;C:\WINDOWS\System32\OpenSSH\;D:\Git\cmd;C:\Program Files\nodejs\;C:\Program Files\MySQL\MySQL Server 8.0\bin;C:\Program Files\Amazon\AWSCLIV2\;;C:\Program Files\Docker\Docker\resources\bin;C:\Program Files\MySQL\MySQL Shell 8.0\bin\;C:\MinGW\bin;C:\Users\Anuj\AppData\Local\Programs\Microsoft VS Code\bin;C:\msys64\mingw64\bin;C:\Users\Anuj\AppData\Local\Microsoft\WindowsApps;C:\Program Files\JetBrains\IntelliJ IDEA Community Edition 2024.3.2.1\bin;;C:\Flutter\flutter\bin;C:\Users\Anuj\AppData\Local\GitHubDesktop\bin;C:\Users\Anuj\AppData\Roaming\npm;C:\Users\Anuj\Desktop\terraf\;
USERNAME=Anuj
OS=Windows_NT
PROCESSOR_IDENTIFIER=AMD64 Family 25 Model 80 Stepping 0, AuthenticAMD
TMP=C:\Users\Anuj\AppData\Local\Temp
TEMP=C:\Users\Anuj\AppData\Local\Temp




Periodic native trim disabled

---------------  S Y S T E M  ---------------

OS:
 Windows 11 , 64 bit Build 26100 (10.0.26100.5074)
OS uptime: 8 days 20:05 hours
Hyper-V role detected

CPU: total 12 (initial active 12) (12 cores per cpu, 2 threads per core) family 25 model 80 stepping 0 microcode 0xa500011, cx8, cmov, fxsr, ht, mmx, 3dnowpref, sse, sse2, sse3, ssse3, sse4a, sse4.1, sse4.2, popcnt, lzcnt, tsc, tscinvbit, avx, avx2, aes, erms, clmul, bmi1, bmi2, adx, sha, fma, vzeroupper, clflush, clflushopt, hv, rdtscp, rdpid, fsrm, f16c, cet_ss
Processor Information for the first 12 processors :
  Max Mhz: 3301, Current Mhz: 3301, Mhz Limit: 3301

Memory: 4k page, system-wide physical 7521M (165M free)
TotalPageFile size 31073M (AvailPageFile size 31M)
current process WorkingSet (physical memory assigned to process): 10M, peak: 10M
current process commit charge ("private bytes"): 64M, peak: 182M

vm_info: Java HotSpot(TM) 64-Bit Server VM (23.0.2+7-58) for windows-amd64 JRE (23.0.2+7-58), built on 2024-11-29T09:34:55Z with MS VC++ 17.6 (VS2022)

END.
