#
# There is insufficient memory for the Java Runtime Environment to continue.
# Native memory allocation (malloc) failed to allocate 1704752 bytes. Error detail: Chunk::new
# Possible reasons:
#   The system is out of physical RAM or swap space
#   This process is running with CompressedOops enabled, and the Java Heap may be blocking the growth of the native heap
# Possible solutions:
#   Reduce memory load on the system
#   Increase physical memory or swap space
#   Check if swap backing store is full
#   Decrease Java heap size (-Xmx/-Xms)
#   Decrease number of Java threads
#   Decrease Java thread stack sizes (-Xss)
#   Set larger code cache with -XX:ReservedCodeCacheSize=
#   JVM is running with Unscaled Compressed Oops mode in which the Java heap is
#     placed in the first 4GB address space. The Java Heap base address is the
#     maximum limit for the native heap growth. Please use -XX:HeapBaseMinAddress
#     to set the Java Heap base and to place the Java Heap above 4GB virtual address.
# This output file may be truncated or incomplete.
#
#  Out of Memory Error (arena.cpp:149), pid=38324, tid=29408
#
# JRE version: Java(TM) SE Runtime Environment (23.0.2+7) (build 23.0.2+7-58)
# Java VM: Java HotSpot(TM) 64-Bit Server VM (23.0.2+7-58, mixed mode, sharing, tiered, compressed oops, compressed class ptrs, g1 gc, windows-amd64)
# No core dump will be written. Minidumps are not enabled by default on client versions of Windows
#

---------------  S U M M A R Y ------------

Command Line: -Dmaven.multiModuleProjectDirectory=C:\Users\Anuj\Desktop\fitness-microservices\activityservice -Djansi.passthrough=true -Dmaven.home=C:\Program Files\JetBrains\IntelliJ IDEA Community Edition 2024.3.2.1\plugins\maven\lib\maven3 -Dclassworlds.conf=C:\Program Files\JetBrains\IntelliJ IDEA Community Edition 2024.3.2.1\plugins\maven\lib\maven3\bin\m2.conf -Dmaven.ext.class.path=C:\Program Files\JetBrains\IntelliJ IDEA Community Edition 2024.3.2.1\plugins\maven\lib\maven-event-listener.jar -Dfile.encoding=UTF-8 -Dsun.stdout.encoding=UTF-8 -Dsun.stderr.encoding=UTF-8 org.codehaus.classworlds.Launcher -Didea.version=2024.3.2.1 install --non-recursive

Host: AMD Ryzen 5 5600H with Radeon Graphics         , 12 cores, 7G,  Windows 11 , 64 bit Build 26100 (10.0.26100.5074)
Time: Wed Oct  8 19:43:33 2025 India Standard Time elapsed time: 99.075288 seconds (0d 0h 1m 39s)

---------------  T H R E A D  ---------------

Current thread (0x000001e7ff441f20):  JavaThread "C2 CompilerThread0" daemon [_thread_in_native, id=29408, stack(0x000000551ee00000,0x000000551ef00000) (1024K)]


Current CompileTask:
C2:99075 5496       4       org.apache.maven.model.inheritance.DefaultInheritanceAssembler$InheritanceModelMerger::mergePluginContainer_Plugins (433 bytes)

Stack: [0x000000551ee00000,0x000000551ef00000]
Native frames: (J=compiled Java code, j=interpreted, Vv=VM code, C=native code)
V  [jvm.dll+0x6e0b99]  (no source info available)
V  [jvm.dll+0x87e2b3]  (no source info available)
V  [jvm.dll+0x88073e]  (no source info available)
V  [jvm.dll+0x880e13]  (no source info available)
V  [jvm.dll+0x27b006]  (no source info available)
V  [jvm.dll+0xbc06f]  (no source info available)
V  [jvm.dll+0xbc2cb]  (no source info available)
V  [jvm.dll+0x3b3c5c]  (no source info available)
V  [jvm.dll+0x1dc4ae]  (no source info available)
V  [jvm.dll+0x244ce5]  (no source info available)
V  [jvm.dll+0x243eff]  (no source info available)
V  [jvm.dll+0x1c34b0]  (no source info available)
V  [jvm.dll+0x253df1]  (no source info available)
V  [jvm.dll+0x2520aa]  (no source info available)
V  [jvm.dll+0x3ee226]  (no source info available)
V  [jvm.dll+0x8254cb]  (no source info available)
V  [jvm.dll+0x6df345]  (no source info available)
C  [ucrtbase.dll+0x37b0]  (no source info available)
C  [KERNEL32.DLL+0x2e8d7]  (no source info available)
C  [ntdll.dll+0x8d9c]  (no source info available)

Lock stack of current Java thread (top to bottom):


---------------  P R O C E S S  ---------------

Threads class SMR info:
_java_thread_list=0x000001e7de3c30e0, length=12, elements={
0x000001e7f9d09f70, 0x000001e7ff437350, 0x000001e7ff438ad0, 0x000001e7ff43a250,
0x000001e7ff43acb0, 0x000001e7ff43c720, 0x000001e7ff43d180, 0x000001e7ff441f20,
0x000001e7ff446420, 0x000001e7976bbee0, 0x000001e7976c5160, 0x000001e7dd989bf0
}

Java Threads: ( => current thread )
  0x000001e7f9d09f70 JavaThread "main"                              [_thread_in_Java, id=20452, stack(0x000000551e000000,0x000000551e100000) (1024K)]
  0x000001e7ff437350 JavaThread "Reference Handler"          daemon [_thread_blocked, id=41444, stack(0x000000551e800000,0x000000551e900000) (1024K)]
  0x000001e7ff438ad0 JavaThread "Finalizer"                  daemon [_thread_blocked, id=5124, stack(0x000000551e900000,0x000000551ea00000) (1024K)]
  0x000001e7ff43a250 JavaThread "Signal Dispatcher"          daemon [_thread_blocked, id=44648, stack(0x000000551ea00000,0x000000551eb00000) (1024K)]
  0x000001e7ff43acb0 JavaThread "Attach Listener"            daemon [_thread_blocked, id=25648, stack(0x000000551eb00000,0x000000551ec00000) (1024K)]
  0x000001e7ff43c720 JavaThread "Service Thread"             daemon [_thread_blocked, id=38668, stack(0x000000551ec00000,0x000000551ed00000) (1024K)]
  0x000001e7ff43d180 JavaThread "Monitor Deflation Thread"   daemon [_thread_blocked, id=332, stack(0x000000551ed00000,0x000000551ee00000) (1024K)]
=>0x000001e7ff441f20 JavaThread "C2 CompilerThread0"         daemon [_thread_in_native, id=29408, stack(0x000000551ee00000,0x000000551ef00000) (1024K)]
  0x000001e7ff446420 JavaThread "C1 CompilerThread0"         daemon [_thread_blocked, id=43368, stack(0x000000551ef00000,0x000000551f000000) (1024K)]
  0x000001e7976bbee0 JavaThread "Notification Thread"        daemon [_thread_blocked, id=15836, stack(0x000000551f000000,0x000000551f100000) (1024K)]
  0x000001e7976c5160 JavaThread "Common-Cleaner"             daemon [_thread_blocked, id=1996, stack(0x000000551f100000,0x000000551f200000) (1024K)]
  0x000001e7dd989bf0 JavaThread "Thread-1"                   daemon [_thread_blocked, id=32652, stack(0x000000551fb00000,0x000000551fc00000) (1024K)]
Total: 12

Other Threads:
  0x000001e7ff41af40 VMThread "VM Thread"                           [id=26124, stack(0x000000551e700000,0x000000551e800000) (1024K)]
  0x000001e7ff409ea0 WatcherThread "VM Periodic Task Thread"        [id=41316, stack(0x000000551e600000,0x000000551e700000) (1024K)]
  0x000001e7f9d60af0 WorkerThread "GC Thread#0"                     [id=44864, stack(0x000000551e100000,0x000000551e200000) (1024K)]
  0x000001e7dd8dbc90 WorkerThread "GC Thread#1"                     [id=38948, stack(0x000000551f300000,0x000000551f400000) (1024K)]
  0x000001e7dd7f9ba0 WorkerThread "GC Thread#2"                     [id=2144, stack(0x000000551f400000,0x000000551f500000) (1024K)]
  0x000001e797887f40 WorkerThread "GC Thread#3"                     [id=13564, stack(0x000000551f500000,0x000000551f600000) (1024K)]
  0x000001e7978882f0 WorkerThread "GC Thread#4"                     [id=1244, stack(0x000000551f600000,0x000000551f700000) (1024K)]
  0x000001e7978886a0 WorkerThread "GC Thread#5"                     [id=42436, stack(0x000000551f700000,0x000000551f800000) (1024K)]
  0x000001e797888a50 WorkerThread "GC Thread#6"                     [id=38852, stack(0x000000551f800000,0x000000551f900000) (1024K)]
  0x000001e797888e00 WorkerThread "GC Thread#7"                     [id=28108, stack(0x000000551f900000,0x000000551fa00000) (1024K)]
  0x000001e7978891b0 WorkerThread "GC Thread#8"                     [id=44428, stack(0x000000551fa00000,0x000000551fb00000) (1024K)]
  0x000001e7dd2521f0 WorkerThread "GC Thread#9"                     [id=19188, stack(0x000000551f200000,0x000000551f300000) (1024K)]
  0x000001e7f9d75070 ConcurrentGCThread "G1 Main Marker"            [id=33736, stack(0x000000551e200000,0x000000551e300000) (1024K)]
  0x000001e7f9d75a90 WorkerThread "G1 Conc#0"                       [id=8488, stack(0x000000551e300000,0x000000551e400000) (1024K)]
  0x000001e7ff2d65a0 ConcurrentGCThread "G1 Refine#0"               [id=41384, stack(0x000000551e400000,0x000000551e500000) (1024K)]
  0x000001e7ff2dab10 ConcurrentGCThread "G1 Service"                [id=10872, stack(0x000000551e500000,0x000000551e600000) (1024K)]
Total: 16

Threads with active compile tasks:
C2 CompilerThread0  99316 5496       4       org.apache.maven.model.inheritance.DefaultInheritanceAssembler$InheritanceModelMerger::mergePluginContainer_Plugins (433 bytes)
Total: 1

VM state: not at safepoint (normal execution)

VM Mutex/Monitor currently owned by a thread: None

Heap address: 0x000000008a600000, size: 1882 MB, Compressed Oops mode: 32-bit

CDS archive(s) mapped at: [0x000001e798000000-0x000001e798d70000-0x000001e798d70000), size 14090240, SharedBaseAddress: 0x000001e798000000, ArchiveRelocationMode: 1.
Compressed class space mapped at: 0x000001e799000000-0x000001e7d9000000, reserved size: 1073741824
Narrow klass base: 0x000001e798000000, Narrow klass shift: 0, Narrow klass range: 0x41000000

GC Precious Log:
 CardTable entry size: 512
 Card Set container configuration: InlinePtr #cards 5 size 8 Array Of Cards #cards 10 size 36 Howl #buckets 4 coarsen threshold 1843 Howl Bitmap #cards 512 size 80 coarsen threshold 460 Card regions per heap region 1 cards per card region 2048
 CPUs: 12 total, 12 available
 Memory: 7521M
 Large Page Support: Disabled
 NUMA Support: Disabled
 Compressed Oops: Enabled (32-bit)
 Heap Region Size: 1M
 Heap Min Capacity: 8M
 Heap Initial Capacity: 118M
 Heap Max Capacity: 1882M
 Pre-touch: Disabled
 Parallel Workers: 10
 Concurrent Workers: 3
 Concurrent Refinement Workers: 10
 Periodic GC: Disabled

Heap:
 garbage-first heap   total reserved 1927168K, committed 120832K, used 79014K [0x000000008a600000, 0x0000000100000000)
  region size 1024K, 34 young (34816K), 5 survivors (5120K)
 Metaspace       used 18148K, committed 18496K, reserved 1114112K
  class space    used 2107K, committed 2240K, reserved 1048576K

Heap Regions: E=young(eden), S=young(survivor), O=old, HS=humongous(starts), HC=humongous(continues), CS=collection set, F=free, TAMS=top-at-mark-start, PB=parsable bottom
|   0|0x000000008a600000, 0x000000008a700000, 0x000000008a700000|100%| O|  |TAMS 0x000000008a600000| PB 0x000000008a600000| Untracked |  0
|   1|0x000000008a700000, 0x000000008a800000, 0x000000008a800000|100%| O|  |TAMS 0x000000008a700000| PB 0x000000008a700000| Untracked |  0
|   2|0x000000008a800000, 0x000000008a900000, 0x000000008a900000|100%| O|  |TAMS 0x000000008a800000| PB 0x000000008a800000| Untracked |  0
|   3|0x000000008a900000, 0x000000008aa00000, 0x000000008aa00000|100%| O|  |TAMS 0x000000008a900000| PB 0x000000008a900000| Untracked |  0
|   4|0x000000008aa00000, 0x000000008ab00000, 0x000000008ab00000|100%| O|  |TAMS 0x000000008aa00000| PB 0x000000008aa00000| Untracked |  0
|   5|0x000000008ab00000, 0x000000008ac00000, 0x000000008ac00000|100%| O|  |TAMS 0x000000008ab00000| PB 0x000000008ab00000| Untracked |  0
|   6|0x000000008ac00000, 0x000000008ad00000, 0x000000008ad00000|100%| O|  |TAMS 0x000000008ac00000| PB 0x000000008ac00000| Untracked |  0
|   7|0x000000008ad00000, 0x000000008ae00000, 0x000000008ae00000|100%| O|  |TAMS 0x000000008ad00000| PB 0x000000008ad00000| Untracked |  0
|   8|0x000000008ae00000, 0x000000008af00000, 0x000000008af00000|100%| O|  |TAMS 0x000000008ae00000| PB 0x000000008ae00000| Untracked |  0
|   9|0x000000008af00000, 0x000000008b000000, 0x000000008b000000|100%| O|  |TAMS 0x000000008af00000| PB 0x000000008af00000| Untracked |  0
|  10|0x000000008b000000, 0x000000008b100000, 0x000000008b100000|100%| O|  |TAMS 0x000000008b000000| PB 0x000000008b000000| Untracked |  0
|  11|0x000000008b100000, 0x000000008b200000, 0x000000008b200000|100%| O|  |TAMS 0x000000008b100000| PB 0x000000008b100000| Untracked |  0
|  12|0x000000008b200000, 0x000000008b280000, 0x000000008b300000| 50%| O|  |TAMS 0x000000008b200000| PB 0x000000008b200000| Untracked |  0
|  13|0x000000008b300000, 0x000000008b400000, 0x000000008b400000|100%|HS|  |TAMS 0x000000008b300000| PB 0x000000008b300000| Complete |  0
|  14|0x000000008b400000, 0x000000008b500000, 0x000000008b500000|100%|HC|  |TAMS 0x000000008b400000| PB 0x000000008b400000| Complete |  0
|  15|0x000000008b500000, 0x000000008b600000, 0x000000008b600000|100%|HC|  |TAMS 0x000000008b500000| PB 0x000000008b500000| Complete |  0
|  16|0x000000008b600000, 0x000000008b700000, 0x000000008b700000|100%|HC|  |TAMS 0x000000008b600000| PB 0x000000008b600000| Complete |  0
|  17|0x000000008b700000, 0x000000008b800000, 0x000000008b800000|100%|HC|  |TAMS 0x000000008b700000| PB 0x000000008b700000| Complete |  0
|  18|0x000000008b800000, 0x000000008b900000, 0x000000008b900000|100%|HC|  |TAMS 0x000000008b800000| PB 0x000000008b800000| Complete |  0
|  19|0x000000008b900000, 0x000000008ba00000, 0x000000008ba00000|100%|HC|  |TAMS 0x000000008b900000| PB 0x000000008b900000| Complete |  0
|  20|0x000000008ba00000, 0x000000008bb00000, 0x000000008bb00000|100%|HC|  |TAMS 0x000000008ba00000| PB 0x000000008ba00000| Complete |  0
|  21|0x000000008bb00000, 0x000000008bc00000, 0x000000008bc00000|100%|HS|  |TAMS 0x000000008bb00000| PB 0x000000008bb00000| Complete |  0
|  22|0x000000008bc00000, 0x000000008bd00000, 0x000000008bd00000|100%|HC|  |TAMS 0x000000008bc00000| PB 0x000000008bc00000| Complete |  0
|  23|0x000000008bd00000, 0x000000008be00000, 0x000000008be00000|100%|HC|  |TAMS 0x000000008bd00000| PB 0x000000008bd00000| Complete |  0
|  24|0x000000008be00000, 0x000000008bf00000, 0x000000008bf00000|100%|HC|  |TAMS 0x000000008be00000| PB 0x000000008be00000| Complete |  0
|  25|0x000000008bf00000, 0x000000008c000000, 0x000000008c000000|100%|HC|  |TAMS 0x000000008bf00000| PB 0x000000008bf00000| Complete |  0
|  26|0x000000008c000000, 0x000000008c100000, 0x000000008c100000|100%|HC|  |TAMS 0x000000008c000000| PB 0x000000008c000000| Complete |  0
|  27|0x000000008c100000, 0x000000008c200000, 0x000000008c200000|100%|HC|  |TAMS 0x000000008c100000| PB 0x000000008c100000| Complete |  0
|  28|0x000000008c200000, 0x000000008c300000, 0x000000008c300000|100%|HC|  |TAMS 0x000000008c200000| PB 0x000000008c200000| Complete |  0
|  29|0x000000008c300000, 0x000000008c400000, 0x000000008c400000|100%|HC|  |TAMS 0x000000008c300000| PB 0x000000008c300000| Complete |  0
|  30|0x000000008c400000, 0x000000008c500000, 0x000000008c500000|100%|HC|  |TAMS 0x000000008c400000| PB 0x000000008c400000| Complete |  0
|  31|0x000000008c500000, 0x000000008c600000, 0x000000008c600000|100%|HC|  |TAMS 0x000000008c500000| PB 0x000000008c500000| Complete |  0
|  32|0x000000008c600000, 0x000000008c700000, 0x000000008c700000|100%|HC|  |TAMS 0x000000008c600000| PB 0x000000008c600000| Complete |  0
|  33|0x000000008c700000, 0x000000008c800000, 0x000000008c800000|100%|HS|  |TAMS 0x000000008c700000| PB 0x000000008c700000| Complete |  0
|  34|0x000000008c800000, 0x000000008c900000, 0x000000008c900000|100%|HC|  |TAMS 0x000000008c800000| PB 0x000000008c800000| Complete |  0
|  35|0x000000008c900000, 0x000000008ca00000, 0x000000008ca00000|100%|HC|  |TAMS 0x000000008c900000| PB 0x000000008c900000| Complete |  0
|  36|0x000000008ca00000, 0x000000008cb00000, 0x000000008cb00000|100%|HC|  |TAMS 0x000000008ca00000| PB 0x000000008ca00000| Complete |  0
|  37|0x000000008cb00000, 0x000000008cc00000, 0x000000008cc00000|100%|HC|  |TAMS 0x000000008cb00000| PB 0x000000008cb00000| Complete |  0
|  38|0x000000008cc00000, 0x000000008cd00000, 0x000000008cd00000|100%|HC|  |TAMS 0x000000008cc00000| PB 0x000000008cc00000| Complete |  0
|  39|0x000000008cd00000, 0x000000008ce00000, 0x000000008ce00000|100%|HC|  |TAMS 0x000000008cd00000| PB 0x000000008cd00000| Complete |  0
|  40|0x000000008ce00000, 0x000000008cf00000, 0x000000008cf00000|100%|HC|  |TAMS 0x000000008ce00000| PB 0x000000008ce00000| Complete |  0
|  41|0x000000008cf00000, 0x000000008d000000, 0x000000008d000000|100%|HC|  |TAMS 0x000000008cf00000| PB 0x000000008cf00000| Complete |  0
|  42|0x000000008d000000, 0x000000008d100000, 0x000000008d100000|100%|HC|  |TAMS 0x000000008d000000| PB 0x000000008d000000| Complete |  0
|  43|0x000000008d100000, 0x000000008d200000, 0x000000008d200000|100%|HC|  |TAMS 0x000000008d100000| PB 0x000000008d100000| Complete |  0
|  44|0x000000008d200000, 0x000000008d300000, 0x000000008d300000|100%|HC|  |TAMS 0x000000008d200000| PB 0x000000008d200000| Complete |  0
|  45|0x000000008d300000, 0x000000008d300000, 0x000000008d400000|  0%| F|  |TAMS 0x000000008d300000| PB 0x000000008d300000| Untracked |  0
|  46|0x000000008d400000, 0x000000008d400000, 0x000000008d500000|  0%| F|  |TAMS 0x000000008d400000| PB 0x000000008d400000| Untracked |  0
|  47|0x000000008d500000, 0x000000008d500000, 0x000000008d600000|  0%| F|  |TAMS 0x000000008d500000| PB 0x000000008d500000| Untracked |  0
|  48|0x000000008d600000, 0x000000008d600000, 0x000000008d700000|  0%| F|  |TAMS 0x000000008d600000| PB 0x000000008d600000| Untracked |  0
|  49|0x000000008d700000, 0x000000008d700000, 0x000000008d800000|  0%| F|  |TAMS 0x000000008d700000| PB 0x000000008d700000| Untracked |  0
|  50|0x000000008d800000, 0x000000008d800000, 0x000000008d900000|  0%| F|  |TAMS 0x000000008d800000| PB 0x000000008d800000| Untracked |  0
|  51|0x000000008d900000, 0x000000008d900000, 0x000000008da00000|  0%| F|  |TAMS 0x000000008d900000| PB 0x000000008d900000| Untracked |  0
|  52|0x000000008da00000, 0x000000008da00000, 0x000000008db00000|  0%| F|  |TAMS 0x000000008da00000| PB 0x000000008da00000| Untracked |  0
|  53|0x000000008db00000, 0x000000008db00000, 0x000000008dc00000|  0%| F|  |TAMS 0x000000008db00000| PB 0x000000008db00000| Untracked |  0
|  54|0x000000008dc00000, 0x000000008dc00000, 0x000000008dd00000|  0%| F|  |TAMS 0x000000008dc00000| PB 0x000000008dc00000| Untracked |  0
|  55|0x000000008dd00000, 0x000000008dd00000, 0x000000008de00000|  0%| F|  |TAMS 0x000000008dd00000| PB 0x000000008dd00000| Untracked |  0
|  56|0x000000008de00000, 0x000000008de00000, 0x000000008df00000|  0%| F|  |TAMS 0x000000008de00000| PB 0x000000008de00000| Untracked |  0
|  57|0x000000008df00000, 0x000000008df00000, 0x000000008e000000|  0%| F|  |TAMS 0x000000008df00000| PB 0x000000008df00000| Untracked |  0
|  58|0x000000008e000000, 0x000000008e000000, 0x000000008e100000|  0%| F|  |TAMS 0x000000008e000000| PB 0x000000008e000000| Untracked |  0
|  59|0x000000008e100000, 0x000000008e100000, 0x000000008e200000|  0%| F|  |TAMS 0x000000008e100000| PB 0x000000008e100000| Untracked |  0
|  60|0x000000008e200000, 0x000000008e2a9a60, 0x000000008e300000| 66%| S|CS|TAMS 0x000000008e200000| PB 0x000000008e200000| Complete |  0
|  61|0x000000008e300000, 0x000000008e400000, 0x000000008e400000|100%| S|CS|TAMS 0x000000008e300000| PB 0x000000008e300000| Complete |  0
|  62|0x000000008e400000, 0x000000008e500000, 0x000000008e500000|100%| S|CS|TAMS 0x000000008e400000| PB 0x000000008e400000| Complete |  0
|  63|0x000000008e500000, 0x000000008e600000, 0x000000008e600000|100%| S|CS|TAMS 0x000000008e500000| PB 0x000000008e500000| Complete |  0
|  64|0x000000008e600000, 0x000000008e700000, 0x000000008e700000|100%| S|CS|TAMS 0x000000008e600000| PB 0x000000008e600000| Complete |  0
|  65|0x000000008e700000, 0x000000008e700000, 0x000000008e800000|  0%| F|  |TAMS 0x000000008e700000| PB 0x000000008e700000| Untracked |  0
|  66|0x000000008e800000, 0x000000008e800000, 0x000000008e900000|  0%| F|  |TAMS 0x000000008e800000| PB 0x000000008e800000| Untracked |  0
|  67|0x000000008e900000, 0x000000008e900000, 0x000000008ea00000|  0%| F|  |TAMS 0x000000008e900000| PB 0x000000008e900000| Untracked |  0
|  68|0x000000008ea00000, 0x000000008ea00000, 0x000000008eb00000|  0%| F|  |TAMS 0x000000008ea00000| PB 0x000000008ea00000| Untracked |  0
|  69|0x000000008eb00000, 0x000000008eb00000, 0x000000008ec00000|  0%| F|  |TAMS 0x000000008eb00000| PB 0x000000008eb00000| Untracked |  0
|  70|0x000000008ec00000, 0x000000008ec00000, 0x000000008ed00000|  0%| F|  |TAMS 0x000000008ec00000| PB 0x000000008ec00000| Untracked |  0
|  71|0x000000008ed00000, 0x000000008ed00000, 0x000000008ee00000|  0%| F|  |TAMS 0x000000008ed00000| PB 0x000000008ed00000| Untracked |  0
|  72|0x000000008ee00000, 0x000000008ee00000, 0x000000008ef00000|  0%| F|  |TAMS 0x000000008ee00000| PB 0x000000008ee00000| Untracked |  0
|  73|0x000000008ef00000, 0x000000008ef00000, 0x000000008f000000|  0%| F|  |TAMS 0x000000008ef00000| PB 0x000000008ef00000| Untracked |  0
|  74|0x000000008f000000, 0x000000008f000000, 0x000000008f100000|  0%| F|  |TAMS 0x000000008f000000| PB 0x000000008f000000| Untracked |  0
|  75|0x000000008f100000, 0x000000008f100000, 0x000000008f200000|  0%| F|  |TAMS 0x000000008f100000| PB 0x000000008f100000| Untracked |  0
|  76|0x000000008f200000, 0x000000008f200000, 0x000000008f300000|  0%| F|  |TAMS 0x000000008f200000| PB 0x000000008f200000| Untracked |  0
|  77|0x000000008f300000, 0x000000008f300000, 0x000000008f400000|  0%| F|  |TAMS 0x000000008f300000| PB 0x000000008f300000| Untracked |  0
|  78|0x000000008f400000, 0x000000008f400000, 0x000000008f500000|  0%| F|  |TAMS 0x000000008f400000| PB 0x000000008f400000| Untracked |  0
|  79|0x000000008f500000, 0x000000008f500000, 0x000000008f600000|  0%| F|  |TAMS 0x000000008f500000| PB 0x000000008f500000| Untracked |  0
|  80|0x000000008f600000, 0x000000008f600000, 0x000000008f700000|  0%| F|  |TAMS 0x000000008f600000| PB 0x000000008f600000| Untracked |  0
|  81|0x000000008f700000, 0x000000008f700000, 0x000000008f800000|  0%| F|  |TAMS 0x000000008f700000| PB 0x000000008f700000| Untracked |  0
|  82|0x000000008f800000, 0x000000008f800000, 0x000000008f900000|  0%| F|  |TAMS 0x000000008f800000| PB 0x000000008f800000| Untracked |  0
|  83|0x000000008f900000, 0x000000008f900000, 0x000000008fa00000|  0%| F|  |TAMS 0x000000008f900000| PB 0x000000008f900000| Untracked |  0
|  84|0x000000008fa00000, 0x000000008fa00000, 0x000000008fb00000|  0%| F|  |TAMS 0x000000008fa00000| PB 0x000000008fa00000| Untracked |  0
|  85|0x000000008fb00000, 0x000000008fb00000, 0x000000008fc00000|  0%| F|  |TAMS 0x000000008fb00000| PB 0x000000008fb00000| Untracked |  0
|  86|0x000000008fc00000, 0x000000008fc00000, 0x000000008fd00000|  0%| F|  |TAMS 0x000000008fc00000| PB 0x000000008fc00000| Untracked |  0
|  87|0x000000008fd00000, 0x000000008fd00000, 0x000000008fe00000|  0%| F|  |TAMS 0x000000008fd00000| PB 0x000000008fd00000| Untracked |  0
|  88|0x000000008fe00000, 0x000000008fe00000, 0x000000008ff00000|  0%| F|  |TAMS 0x000000008fe00000| PB 0x000000008fe00000| Untracked |  0
|  89|0x000000008ff00000, 0x0000000090000000, 0x0000000090000000|100%| E|  |TAMS 0x000000008ff00000| PB 0x000000008ff00000| Complete |  0
|  90|0x0000000090000000, 0x0000000090100000, 0x0000000090100000|100%| E|CS|TAMS 0x0000000090000000| PB 0x0000000090000000| Complete |  0
|  91|0x0000000090100000, 0x0000000090200000, 0x0000000090200000|100%| E|CS|TAMS 0x0000000090100000| PB 0x0000000090100000| Complete |  0
|  92|0x0000000090200000, 0x0000000090300000, 0x0000000090300000|100%| E|CS|TAMS 0x0000000090200000| PB 0x0000000090200000| Complete |  0
|  93|0x0000000090300000, 0x0000000090400000, 0x0000000090400000|100%| E|CS|TAMS 0x0000000090300000| PB 0x0000000090300000| Complete |  0
|  94|0x0000000090400000, 0x0000000090500000, 0x0000000090500000|100%| E|CS|TAMS 0x0000000090400000| PB 0x0000000090400000| Complete |  0
|  95|0x0000000090500000, 0x0000000090600000, 0x0000000090600000|100%| E|CS|TAMS 0x0000000090500000| PB 0x0000000090500000| Complete |  0
|  96|0x0000000090600000, 0x0000000090700000, 0x0000000090700000|100%| E|CS|TAMS 0x0000000090600000| PB 0x0000000090600000| Complete |  0
|  97|0x0000000090700000, 0x0000000090800000, 0x0000000090800000|100%| E|CS|TAMS 0x0000000090700000| PB 0x0000000090700000| Complete |  0
|  98|0x0000000090800000, 0x0000000090900000, 0x0000000090900000|100%| E|CS|TAMS 0x0000000090800000| PB 0x0000000090800000| Complete |  0
|  99|0x0000000090900000, 0x0000000090a00000, 0x0000000090a00000|100%| E|CS|TAMS 0x0000000090900000| PB 0x0000000090900000| Complete |  0
| 100|0x0000000090a00000, 0x0000000090b00000, 0x0000000090b00000|100%| E|CS|TAMS 0x0000000090a00000| PB 0x0000000090a00000| Complete |  0
| 101|0x0000000090b00000, 0x0000000090c00000, 0x0000000090c00000|100%| E|CS|TAMS 0x0000000090b00000| PB 0x0000000090b00000| Complete |  0
| 102|0x0000000090c00000, 0x0000000090d00000, 0x0000000090d00000|100%| E|CS|TAMS 0x0000000090c00000| PB 0x0000000090c00000| Complete |  0
| 103|0x0000000090d00000, 0x0000000090e00000, 0x0000000090e00000|100%| E|CS|TAMS 0x0000000090d00000| PB 0x0000000090d00000| Complete |  0
| 104|0x0000000090e00000, 0x0000000090f00000, 0x0000000090f00000|100%| E|CS|TAMS 0x0000000090e00000| PB 0x0000000090e00000| Complete |  0
| 105|0x0000000090f00000, 0x0000000091000000, 0x0000000091000000|100%| E|CS|TAMS 0x0000000090f00000| PB 0x0000000090f00000| Complete |  0
| 106|0x0000000091000000, 0x0000000091100000, 0x0000000091100000|100%| E|CS|TAMS 0x0000000091000000| PB 0x0000000091000000| Complete |  0
| 107|0x0000000091100000, 0x0000000091200000, 0x0000000091200000|100%| E|CS|TAMS 0x0000000091100000| PB 0x0000000091100000| Complete |  0
| 108|0x0000000091200000, 0x0000000091300000, 0x0000000091300000|100%| E|CS|TAMS 0x0000000091200000| PB 0x0000000091200000| Complete |  0
| 109|0x0000000091300000, 0x0000000091400000, 0x0000000091400000|100%| E|CS|TAMS 0x0000000091300000| PB 0x0000000091300000| Complete |  0
| 110|0x0000000091400000, 0x0000000091500000, 0x0000000091500000|100%| E|CS|TAMS 0x0000000091400000| PB 0x0000000091400000| Complete |  0
| 111|0x0000000091500000, 0x0000000091600000, 0x0000000091600000|100%| E|CS|TAMS 0x0000000091500000| PB 0x0000000091500000| Complete |  0
| 112|0x0000000091600000, 0x0000000091700000, 0x0000000091700000|100%| E|CS|TAMS 0x0000000091600000| PB 0x0000000091600000| Complete |  0
| 113|0x0000000091700000, 0x0000000091800000, 0x0000000091800000|100%| E|CS|TAMS 0x0000000091700000| PB 0x0000000091700000| Complete |  0
| 114|0x0000000091800000, 0x0000000091900000, 0x0000000091900000|100%| E|CS|TAMS 0x0000000091800000| PB 0x0000000091800000| Complete |  0
| 115|0x0000000091900000, 0x0000000091a00000, 0x0000000091a00000|100%| E|CS|TAMS 0x0000000091900000| PB 0x0000000091900000| Complete |  0
| 116|0x0000000091a00000, 0x0000000091b00000, 0x0000000091b00000|100%| E|CS|TAMS 0x0000000091a00000| PB 0x0000000091a00000| Complete |  0
| 117|0x0000000091b00000, 0x0000000091c00000, 0x0000000091c00000|100%| E|CS|TAMS 0x0000000091b00000| PB 0x0000000091b00000| Complete |  0

Card table byte_map: [0x000001e7fa6d0000,0x000001e7faa80000] _byte_map_base: 0x000001e7fa27d000

Marking Bits: (CMBitMap*) 0x000001e7f9d61110
 Bits: [0x000001e7faa80000, 0x000001e7fc7e8000)

Polling page: 0x000001e7f7f80000

Metaspace:

Usage:
  Non-class:     15.67 MB used.
      Class:      2.06 MB used.
       Both:     17.72 MB used.

Virtual space:
  Non-class space:       64.00 MB reserved,      15.88 MB ( 25%) committed,  1 nodes.
      Class space:        1.00 GB reserved,       2.19 MB ( <1%) committed,  1 nodes.
             Both:        1.06 GB reserved,      18.06 MB (  2%) committed. 

Chunk freelists:
   Non-Class:  15.55 MB
       Class:  13.73 MB
        Both:  29.28 MB

MaxMetaspaceSize: unlimited
CompressedClassSpaceSize: 1.00 GB
Initial GC threshold: 21.00 MB
Current GC threshold: 21.00 MB
CDS: on
 - commit_granule_bytes: 65536.
 - commit_granule_words: 8192.
 - virtual_space_node_default_size: 8388608.
 - enlarge_chunks_in_place: 1.
 - use_allocation_guard: 0.


Internal statistics:

num_allocs_failed_limit: 0.
num_arena_births: 186.
num_arena_deaths: 0.
num_vsnodes_births: 2.
num_vsnodes_deaths: 0.
num_space_committed: 289.
num_space_uncommitted: 0.
num_chunks_returned_to_freelist: 0.
num_chunks_taken_from_freelist: 806.
num_chunk_merges: 0.
num_chunk_splits: 552.
num_chunks_enlarged: 444.
num_inconsistent_stats: 0.

CodeHeap 'non-profiled nmethods': size=120064Kb used=2299Kb max_used=2299Kb free=117764Kb
 bounds [0x000001e790140000, 0x000001e7903b0000, 0x000001e797680000]
CodeHeap 'profiled nmethods': size=120000Kb used=8952Kb max_used=8952Kb free=111047Kb
 bounds [0x000001e788680000, 0x000001e788f40000, 0x000001e78fbb0000]
CodeHeap 'non-nmethods': size=5696Kb used=1422Kb max_used=1453Kb free=4273Kb
 bounds [0x000001e78fbb0000, 0x000001e78fe20000, 0x000001e790140000]
CodeCache: size=245760Kb, used=12673Kb, max_used=12704Kb, free=233084Kb
 total_blobs=6039, nmethods=5518, adapters=426, full_count=0
Compilation: enabled, stopped_count=0, restarted_count=0

Compilation events (20 events):
Event: 97.120 Thread 0x000001e7ff446420 5507       3       java.util.Collections$SetFromMap::<init> (20 bytes)
Event: 97.120 Thread 0x000001e7ff446420 nmethod 5507 0x000001e788f32308 code [0x000001e788f32440, 0x000001e788f327e8]
Event: 97.124 Thread 0x000001e7ff446420 5508       3       java.util.WeakHashMap::keySet (25 bytes)
Event: 97.128 Thread 0x000001e7ff446420 nmethod 5508 0x000001e788f32888 code [0x000001e788f329c0, 0x000001e788f32d88]
Event: 97.128 Thread 0x000001e7ff446420 5509       3       java.util.WeakHashMap$KeySet::<init> (10 bytes)
Event: 97.128 Thread 0x000001e7ff446420 nmethod 5509 0x000001e788f32e08 code [0x000001e788f32f40, 0x000001e788f331c0]
Event: 97.128 Thread 0x000001e7ff446420 5510       3       java.nio.file.Files::readAttributes (11 bytes)
Event: 97.145 Thread 0x000001e7ff446420 nmethod 5510 0x000001e788f33208 code [0x000001e788f33340, 0x000001e788f335d0]
Event: 97.145 Thread 0x000001e7ff446420 5511       3       java.util.jar.JarFile::<init> (95 bytes)
Event: 97.147 Thread 0x000001e7ff446420 nmethod 5511 0x000001e788f33688 code [0x000001e788f338e0, 0x000001e788f348d8]
Event: 97.147 Thread 0x000001e7ff446420 5512       3       java.util.zip.ZipFile::<init> (10 bytes)
Event: 97.147 Thread 0x000001e7ff446420 nmethod 5512 0x000001e788f34988 code [0x000001e788f34aa0, 0x000001e788f34be8]
Event: 97.169 Thread 0x000001e7ff446420 5513       3       jdk.internal.perf.PerfCounter::getZipFileOpenTime (4 bytes)
Event: 97.171 Thread 0x000001e7ff446420 nmethod 5513 0x000001e788f34c88 code [0x000001e788f34da0, 0x000001e788f34e98]
Event: 97.171 Thread 0x000001e7ff446420 5514       3       jdk.internal.perf.PerfCounter::getZipFileCount (4 bytes)
Event: 97.171 Thread 0x000001e7ff446420 nmethod 5514 0x000001e788f34f88 code [0x000001e788f350a0, 0x000001e788f35198]
Event: 97.202 Thread 0x000001e7ff446420 5515       3       java.util.zip.ZipCoder$UTF8ZipCoder::toString (12 bytes)
Event: 97.203 Thread 0x000001e7ff446420 nmethod 5515 0x000001e788f35288 code [0x000001e788f353c0, 0x000001e788f35578]
Event: 97.203 Thread 0x000001e7ff446420 5516       3       java.io.InputStream::readNBytes (53 bytes)
Event: 98.202 Thread 0x000001e7ff446420 nmethod 5516 0x000001e788f35608 code [0x000001e788f35760, 0x000001e788f35c00]

GC Heap History (12 events):
Event: 17.816 GC heap before
{Heap before GC invocations=0 (full 0):
 garbage-first heap   total reserved 1927168K, committed 120832K, used 23552K [0x000000008a600000, 0x0000000100000000)
  region size 1024K, 24 young (24576K), 0 survivors (0K)
 Metaspace       used 5972K, committed 6144K, reserved 1114112K
  class space    used 732K, committed 832K, reserved 1048576K
}
Event: 21.134 GC heap after
{Heap after GC invocations=1 (full 0):
 garbage-first heap   total reserved 1927168K, committed 120832K, used 3823K [0x000000008a600000, 0x0000000100000000)
  region size 1024K, 3 young (3072K), 3 survivors (3072K)
 Metaspace       used 5972K, committed 6144K, reserved 1114112K
  class space    used 732K, committed 832K, reserved 1048576K
}
Event: 22.141 GC heap before
{Heap before GC invocations=1 (full 0):
 garbage-first heap   total reserved 1927168K, committed 120832K, used 24303K [0x000000008a600000, 0x0000000100000000)
  region size 1024K, 23 young (23552K), 3 survivors (3072K)
 Metaspace       used 7909K, committed 8064K, reserved 1114112K
  class space    used 954K, committed 1024K, reserved 1048576K
}
Event: 22.225 GC heap after
{Heap after GC invocations=2 (full 0):
 garbage-first heap   total reserved 1927168K, committed 120832K, used 5020K [0x000000008a600000, 0x0000000100000000)
  region size 1024K, 1 young (1024K), 1 survivors (1024K)
 Metaspace       used 7909K, committed 8064K, reserved 1114112K
  class space    used 954K, committed 1024K, reserved 1048576K
}
Event: 28.829 GC heap before
{Heap before GC invocations=2 (full 0):
 garbage-first heap   total reserved 1927168K, committed 120832K, used 49052K [0x000000008a600000, 0x0000000100000000)
  region size 1024K, 45 young (46080K), 1 survivors (1024K)
 Metaspace       used 15338K, committed 15552K, reserved 1114112K
  class space    used 1891K, committed 1984K, reserved 1048576K
}
Event: 28.974 GC heap after
{Heap after GC invocations=3 (full 0):
 garbage-first heap   total reserved 1927168K, committed 120832K, used 9084K [0x000000008a600000, 0x0000000100000000)
  region size 1024K, 5 young (5120K), 5 survivors (5120K)
 Metaspace       used 15338K, committed 15552K, reserved 1114112K
  class space    used 1891K, committed 1984K, reserved 1048576K
}
Event: 35.521 GC heap before
{Heap before GC invocations=3 (full 0):
 garbage-first heap   total reserved 1927168K, committed 120832K, used 35708K [0x000000008a600000, 0x0000000100000000)
  region size 1024K, 31 young (31744K), 5 survivors (5120K)
 Metaspace       used 15946K, committed 16192K, reserved 1114112K
  class space    used 1936K, committed 2048K, reserved 1048576K
}
Event: 35.547 GC heap after
{Heap after GC invocations=4 (full 0):
 garbage-first heap   total reserved 1927168K, committed 120832K, used 12919K [0x000000008a600000, 0x0000000100000000)
  region size 1024K, 4 young (4096K), 4 survivors (4096K)
 Metaspace       used 15946K, committed 16192K, reserved 1114112K
  class space    used 1936K, committed 2048K, reserved 1048576K
}
Event: 51.783 GC heap before
{Heap before GC invocations=4 (full 0):
 garbage-first heap   total reserved 1927168K, committed 120832K, used 51831K [0x000000008a600000, 0x0000000100000000)
  region size 1024K, 42 young (43008K), 4 survivors (4096K)
 Metaspace       used 16412K, committed 16640K, reserved 1114112K
  class space    used 1961K, committed 2048K, reserved 1048576K
}
Event: 51.884 GC heap after
{Heap after GC invocations=5 (full 0):
 garbage-first heap   total reserved 1927168K, committed 120832K, used 16242K [0x000000008a600000, 0x0000000100000000)
  region size 1024K, 4 young (4096K), 4 survivors (4096K)
 Metaspace       used 16412K, committed 16640K, reserved 1114112K
  class space    used 1961K, committed 2048K, reserved 1048576K
}
Event: 67.761 GC heap before
{Heap before GC invocations=5 (full 0):
 garbage-first heap   total reserved 1927168K, committed 120832K, used 66418K [0x000000008a600000, 0x0000000100000000)
  region size 1024K, 53 young (54272K), 4 survivors (4096K)
 Metaspace       used 16733K, committed 16960K, reserved 1114112K
  class space    used 1964K, committed 2048K, reserved 1048576K
}
Event: 67.828 GC heap after
{Heap after GC invocations=6 (full 0):
 garbage-first heap   total reserved 1927168K, committed 120832K, used 17574K [0x000000008a600000, 0x0000000100000000)
  region size 1024K, 5 young (5120K), 5 survivors (5120K)
 Metaspace       used 16733K, committed 16960K, reserved 1114112K
  class space    used 1964K, committed 2048K, reserved 1048576K
}

Dll operation events (8 events):
Event: 0.171 Loaded shared library C:\Program Files\Java\jdk-23\bin\java.dll
Event: 1.286 Loaded shared library C:\Program Files\Java\jdk-23\bin\net.dll
Event: 1.286 Loaded shared library C:\Program Files\Java\jdk-23\bin\jsvml.dll
Event: 1.292 Loaded shared library C:\Program Files\Java\jdk-23\bin\nio.dll
Event: 1.307 Loaded shared library C:\Program Files\Java\jdk-23\bin\zip.dll
Event: 6.129 Loaded shared library C:\Program Files\Java\jdk-23\bin\jimage.dll
Event: 15.652 Loaded shared library C:\Users\Anuj\AppData\Local\Temp\jansi-2.4.1-3bfe995b25dedc7-jansi.dll
Event: 15.678 Loaded shared library C:\Program Files\Java\jdk-23\bin\verify.dll

Deoptimization events (20 events):
Event: 88.892 Thread 0x000001e7f9d09f70 Uncommon trap: trap_request=0xffffffde fr.pc=0x000001e790338270 relative=0x00000000000028b0
Event: 88.892 Thread 0x000001e7f9d09f70 Uncommon trap: reason=class_check action=maybe_recompile pc=0x000001e790338270 method=java.util.regex.Pattern.compile()V @ 376 c2
Event: 88.892 Thread 0x000001e7f9d09f70 DEOPT PACKING pc=0x000001e790338270 sp=0x000000551e0fd4e0
Event: 88.892 Thread 0x000001e7f9d09f70 DEOPT UNPACKING pc=0x000001e78fc04402 sp=0x000000551e0fd4c8 mode 2
Event: 96.872 Thread 0x000001e7f9d09f70 Uncommon trap: trap_request=0xffffffd6 fr.pc=0x000001e79037b638 relative=0x0000000000000398
Event: 96.873 Thread 0x000001e7f9d09f70 Uncommon trap: reason=array_check action=maybe_recompile pc=0x000001e79037b638 method=java.util.LinkedHashMap.valuesToArray([Ljava/lang/Object;Z)[Ljava/lang/Object; @ 67 c2
Event: 96.873 Thread 0x000001e7f9d09f70 DEOPT PACKING pc=0x000001e79037b638 sp=0x000000551e0fd170
Event: 96.873 Thread 0x000001e7f9d09f70 DEOPT UNPACKING pc=0x000001e78fc04402 sp=0x000000551e0fd110 mode 2
Event: 96.949 Thread 0x000001e7f9d09f70 Uncommon trap: trap_request=0xffffffd6 fr.pc=0x000001e79037b638 relative=0x0000000000000398
Event: 96.949 Thread 0x000001e7f9d09f70 Uncommon trap: reason=array_check action=maybe_recompile pc=0x000001e79037b638 method=java.util.LinkedHashMap.valuesToArray([Ljava/lang/Object;Z)[Ljava/lang/Object; @ 67 c2
Event: 96.949 Thread 0x000001e7f9d09f70 DEOPT PACKING pc=0x000001e79037b638 sp=0x000000551e0fd460
Event: 96.950 Thread 0x000001e7f9d09f70 DEOPT UNPACKING pc=0x000001e78fc04402 sp=0x000000551e0fd400 mode 2
Event: 97.009 Thread 0x000001e7f9d09f70 Uncommon trap: trap_request=0xffffffd6 fr.pc=0x000001e79037b638 relative=0x0000000000000398
Event: 97.009 Thread 0x000001e7f9d09f70 Uncommon trap: reason=array_check action=maybe_recompile pc=0x000001e79037b638 method=java.util.LinkedHashMap.valuesToArray([Ljava/lang/Object;Z)[Ljava/lang/Object; @ 67 c2
Event: 97.009 Thread 0x000001e7f9d09f70 DEOPT PACKING pc=0x000001e79037b638 sp=0x000000551e0fcd50
Event: 97.009 Thread 0x000001e7f9d09f70 DEOPT UNPACKING pc=0x000001e78fc04402 sp=0x000000551e0fccf0 mode 2
Event: 97.011 Thread 0x000001e7f9d09f70 Uncommon trap: trap_request=0xffffffd6 fr.pc=0x000001e79037b638 relative=0x0000000000000398
Event: 97.011 Thread 0x000001e7f9d09f70 Uncommon trap: reason=array_check action=maybe_recompile pc=0x000001e79037b638 method=java.util.LinkedHashMap.valuesToArray([Ljava/lang/Object;Z)[Ljava/lang/Object; @ 67 c2
Event: 97.011 Thread 0x000001e7f9d09f70 DEOPT PACKING pc=0x000001e79037b638 sp=0x000000551e0fcd50
Event: 97.011 Thread 0x000001e7f9d09f70 DEOPT UNPACKING pc=0x000001e78fc04402 sp=0x000000551e0fccf0 mode 2

Classes loaded (20 events):
Event: 88.307 Loading class java/time/zone/TzdbZoneRulesProvider
Event: 88.308 Loading class java/time/zone/TzdbZoneRulesProvider done
Event: 88.347 Loading class java/time/zone/Ser
Event: 88.348 Loading class java/io/Externalizable
Event: 88.348 Loading class java/io/Externalizable done
Event: 88.348 Loading class java/time/zone/Ser done
Event: 88.350 Loading class java/time/zone/ZoneOffsetTransition
Event: 88.351 Loading class java/time/zone/ZoneOffsetTransition done
Event: 88.364 Loading class jdk/internal/reflect/MethodHandleBooleanFieldAccessorImpl
Event: 88.364 Loading class jdk/internal/reflect/MethodHandleBooleanFieldAccessorImpl done
Event: 88.662 Loading class java/lang/Character$UnicodeBlock
Event: 88.666 Loading class java/lang/Character$Subset
Event: 88.666 Loading class java/lang/Character$Subset done
Event: 88.667 Loading class java/lang/Character$UnicodeBlock done
Event: 88.894 Loading class java/nio/file/NoSuchFileException
Event: 88.894 Loading class java/nio/file/NoSuchFileException done
Event: 89.163 Loading class java/nio/BufferMismatch
Event: 89.163 Loading class java/nio/BufferMismatch done
Event: 89.220 Loading class java/nio/file/attribute/PosixFileAttributes
Event: 89.220 Loading class java/nio/file/attribute/PosixFileAttributes done

Classes unloaded (0 events):
No events

Classes redefined (0 events):
No events

Internal exceptions (20 events):
Event: 24.968 Thread 0x000001e7f9d09f70 Exception <a 'java/lang/NoClassDefFoundError'{0x00000000901eac48}: com/google/inject/servlet/ServletModuleTargetVisitor> (0x00000000901eac48) 
thrown [s\open\src\hotspot\share\classfile\systemDictionary.cpp, line 302]
Event: 25.429 Thread 0x000001e7f9d09f70 Exception <a 'java/lang/NoSuchMethodError'{0x000000008fea1100}: 'void java.lang.invoke.DirectMethodHandle$Holder.invokeVirtual(java.lang.Object, java.lang.Object)'> (0x000000008fea1100) 
thrown [s\open\src\hotspot\share\interpreter\linkResolver.cpp, line 796]
Event: 25.862 Thread 0x000001e7f9d09f70 Exception <a 'java/lang/NoSuchMethodError'{0x000000008fd30ac8}: 'java.lang.Object java.lang.invoke.DirectMethodHandle$Holder.invokeStaticInit(java.lang.Object, int, int, int, int)'> (0x000000008fd30ac8) 
thrown [s\open\src\hotspot\share\interpreter\linkResolver.cpp, line 796]
Event: 26.507 Thread 0x000001e7f9d09f70 Implicit null exception at 0x000001e79016a994 to 0x000001e79016afe8
Event: 26.507 Thread 0x000001e7f9d09f70 Implicit null exception at 0x000001e790178710 to 0x000001e790178d4c
Event: 26.657 Thread 0x000001e7f9d09f70 Exception <a 'java/lang/NoSuchMethodError'{0x000000008f738ff0}: 'void java.lang.invoke.DirectMethodHandle$Holder.invokeSpecial(java.lang.Object, java.lang.Object, java.lang.Object, java.lang.Object, java.lang.Object)'> (0x000000008f738ff0) 
thrown [s\open\src\hotspot\share\interpreter\linkResolver.cpp, line 796]
Event: 26.660 Thread 0x000001e7f9d09f70 Exception <a 'java/lang/NoSuchMethodError'{0x000000008f74f798}: 'void java.lang.invoke.DirectMethodHandle$Holder.invokeSpecial(java.lang.Object, java.lang.Object, java.lang.Object, java.lang.Object, java.lang.Object, java.lang.Object)'> (0x000000008f74f798) 
thrown [s\open\src\hotspot\share\interpreter\linkResolver.cpp, line 796]
Event: 26.694 Thread 0x000001e7f9d09f70 Exception <a 'java/lang/NoSuchMethodError'{0x000000008f63fa00}: 'java.lang.Object java.lang.invoke.DirectMethodHandle$Holder.invokeVirtual(java.lang.Object, java.lang.Object, java.lang.Object)'> (0x000000008f63fa00) 
thrown [s\open\src\hotspot\share\interpreter\linkResolver.cpp, line 796]
Event: 26.915 Thread 0x000001e7f9d09f70 Exception <a 'java/lang/NoSuchMethodError'{0x000000008f438e40}: 'void java.lang.invoke.DirectMethodHandle$Holder.invokeVirtual(java.lang.Object, java.lang.Object, int)'> (0x000000008f438e40) 
thrown [s\open\src\hotspot\share\interpreter\linkResolver.cpp, line 796]
Event: 26.915 Thread 0x000001e7f9d09f70 Exception <a 'java/lang/NoSuchMethodError'{0x000000008f43cc58}: 'void java.lang.invoke.DirectMethodHandle$Holder.invokeSpecial(java.lang.Object, java.lang.Object, java.lang.Object, int)'> (0x000000008f43cc58) 
thrown [s\open\src\hotspot\share\interpreter\linkResolver.cpp, line 796]
Event: 26.916 Thread 0x000001e7f9d09f70 Exception <a 'java/lang/NoSuchMethodError'{0x000000008f440340}: 'void java.lang.invoke.DelegatingMethodHandle$Holder.reinvoke_L(java.lang.Object, java.lang.Object, int)'> (0x000000008f440340) 
thrown [s\open\src\hotspot\share\interpreter\linkResolver.cpp, line 796]
Event: 69.755 Thread 0x000001e7f9d09f70 Implicit null exception at 0x000001e7902d8968 to 0x000001e7902d8b34
Event: 69.757 Thread 0x000001e7f9d09f70 Implicit null exception at 0x000001e7901d971d to 0x000001e7901d979d
Event: 77.859 Thread 0x000001e7f9d09f70 Implicit null exception at 0x000001e7902a939d to 0x000001e7902a940e
Event: 77.914 Thread 0x000001e7f9d09f70 Exception <a 'java/lang/NoSuchMethodError'{0x0000000091409180}: 'java.lang.Object java.lang.invoke.DirectMethodHandle$Holder.newInvokeSpecial(java.lang.Object, java.lang.Object, java.lang.Object, java.lang.Object, java.lang.Object, java.lang.Object, java.lang.Object)'> (0x0000000091409180) 
thrown [s\open\src\hotspot\share\interpreter\linkResolver.cpp, line 796]
Event: 77.998 Thread 0x000001e7f9d09f70 Implicit null exception at 0x000001e7902f8382 to 0x000001e7902f8fa0
Event: 88.145 Thread 0x000001e7f9d09f70 Implicit null exception at 0x000001e7902eb44f to 0x000001e7902ebbfc
Event: 88.209 Thread 0x000001e7f9d09f70 Exception <a 'java/lang/NoSuchMethodError'{0x0000000090a2ef50}: 'int java.lang.invoke.DirectMethodHandle$Holder.invokeVirtual(java.lang.Object, java.lang.Object)'> (0x0000000090a2ef50) 
thrown [s\open\src\hotspot\share\interpreter\linkResolver.cpp, line 796]
Event: 88.299 Thread 0x000001e7f9d09f70 Implicit null exception at 0x000001e7902d32b9 to 0x000001e7902d3a72
Event: 88.414 Thread 0x000001e7f9d09f70 Exception <a 'java/lang/NoSuchMethodError'{0x0000000090952880}: 'void java.lang.invoke.Invokers$Holder.invokeExact_MT(java.lang.Object, java.lang.Object, int, java.lang.Object)'> (0x0000000090952880) 
thrown [s\open\src\hotspot\share\interpreter\linkResolver.cpp, line 796]

VM Operations (20 events):
Event: 26.094 Executing VM operation: HandshakeAllThreads (Deoptimize)
Event: 26.104 Executing VM operation: HandshakeAllThreads (Deoptimize) done
Event: 26.395 Executing VM operation: HandshakeAllThreads (Deoptimize)
Event: 26.395 Executing VM operation: HandshakeAllThreads (Deoptimize) done
Event: 26.398 Executing VM operation: HandshakeAllThreads (Deoptimize)
Event: 26.399 Executing VM operation: HandshakeAllThreads (Deoptimize) done
Event: 28.829 Executing VM operation: G1CollectForAllocation (G1 Evacuation Pause)
Event: 28.974 Executing VM operation: G1CollectForAllocation (G1 Evacuation Pause) done
Event: 35.521 Executing VM operation: G1CollectForAllocation (G1 Evacuation Pause)
Event: 35.547 Executing VM operation: G1CollectForAllocation (G1 Evacuation Pause) done
Event: 51.782 Executing VM operation: G1CollectForAllocation (G1 Evacuation Pause)
Event: 51.884 Executing VM operation: G1CollectForAllocation (G1 Evacuation Pause) done
Event: 60.251 Executing VM operation: HandshakeAllThreads (HandshakeForDeflation)
Event: 60.252 Executing VM operation: HandshakeAllThreads (HandshakeForDeflation) done
Event: 60.252 Executing VM operation: RendezvousGCThreads
Event: 60.252 Executing VM operation: RendezvousGCThreads done
Event: 67.760 Executing VM operation: G1CollectForAllocation (G1 Evacuation Pause)
Event: 67.828 Executing VM operation: G1CollectForAllocation (G1 Evacuation Pause) done
Event: 88.391 Executing VM operation: HandshakeAllThreads (Deoptimize)
Event: 88.394 Executing VM operation: HandshakeAllThreads (Deoptimize) done

Memory protections (0 events):
No events

Nmethod flushes (0 events):
No events

Events (16 events):
Event: 0.583 Thread 0x000001e7f9d09f70 Thread added: 0x000001e7f9d09f70
Event: 0.723 Thread 0x000001e7f9d09f70 Thread added: 0x000001e7ff437350
Event: 0.724 Thread 0x000001e7f9d09f70 Thread added: 0x000001e7ff438ad0
Event: 0.724 Thread 0x000001e7f9d09f70 Thread added: 0x000001e7ff43a250
Event: 0.724 Thread 0x000001e7f9d09f70 Thread added: 0x000001e7ff43acb0
Event: 0.724 Thread 0x000001e7f9d09f70 Thread added: 0x000001e7ff43c720
Event: 0.724 Thread 0x000001e7f9d09f70 Thread added: 0x000001e7ff43d180
Event: 0.724 Thread 0x000001e7f9d09f70 Thread added: 0x000001e7ff441f20
Event: 0.725 Thread 0x000001e7f9d09f70 Thread added: 0x000001e7ff446420
Event: 0.818 Thread 0x000001e7f9d09f70 Thread added: 0x000001e7976bbee0
Event: 0.826 Thread 0x000001e7f9d09f70 Thread added: 0x000001e7976c5160
Event: 6.121 Thread 0x000001e7f9d09f70 Thread added: 0x000001e797837a60
Event: 26.074 Thread 0x000001e7f9d09f70 Thread added: 0x000001e7dd989bf0
Event: 28.325 Thread 0x000001e797837a60 Thread exited: 0x000001e797837a60
Event: 35.603 Thread 0x000001e7ff446420 Thread added: 0x000001e7dda58d70
Event: 36.287 Thread 0x000001e7dda58d70 Thread exited: 0x000001e7dda58d70


Dynamic libraries:
0x00007ff756dd0000 - 0x00007ff756de0000 	C:\Program Files\Java\jdk-23\bin\java.exe
0x00007ffa90160000 - 0x00007ffa903c9000 	C:\WINDOWS\SYSTEM32\ntdll.dll
0x00007ffa8f3c0000 - 0x00007ffa8f489000 	C:\WINDOWS\System32\KERNEL32.DLL
0x00007ffa8d660000 - 0x00007ffa8da53000 	C:\WINDOWS\System32\KERNELBASE.dll
0x00007ffa8dca0000 - 0x00007ffa8ddeb000 	C:\WINDOWS\System32\ucrtbase.dll
0x00007ffa53800000 - 0x00007ffa5381b000 	C:\Program Files\Java\jdk-23\bin\VCRUNTIME140.dll
0x00007ffa48ed0000 - 0x00007ffa48ee7000 	C:\Program Files\Java\jdk-23\bin\jli.dll
0x00007ffa8efd0000 - 0x00007ffa8f194000 	C:\WINDOWS\System32\USER32.dll
0x00007ffa8d2f0000 - 0x00007ffa8d317000 	C:\WINDOWS\System32\win32u.dll
0x00007ffa8fd20000 - 0x00007ffa8fd4b000 	C:\WINDOWS\System32\GDI32.dll
0x00007ffa8d320000 - 0x00007ffa8d44d000 	C:\WINDOWS\System32\gdi32full.dll
0x00007ffa8ddf0000 - 0x00007ffa8de93000 	C:\WINDOWS\System32\msvcp_win.dll
0x00007ffa70750000 - 0x00007ffa709e3000 	C:\WINDOWS\WinSxS\amd64_microsoft.windows.common-controls_6595b64144ccf1df_6.0.26100.5074_none_3e0d6f78e32fd63f\COMCTL32.dll
0x00007ffa8fdf0000 - 0x00007ffa8fe99000 	C:\WINDOWS\System32\msvcrt.dll
0x00007ffa8f490000 - 0x00007ffa8f4bf000 	C:\WINDOWS\System32\IMM32.DLL
0x00007ffa6e6f0000 - 0x00007ffa6e6fc000 	C:\Program Files\Java\jdk-23\bin\vcruntime140_1.dll
0x00007ffa3c280000 - 0x00007ffa3c30e000 	C:\Program Files\Java\jdk-23\bin\msvcp140.dll
0x00007ff9f3a30000 - 0x00007ff9f4780000 	C:\Program Files\Java\jdk-23\bin\server\jvm.dll
0x00007ffa8e230000 - 0x00007ffa8e2e4000 	C:\WINDOWS\System32\ADVAPI32.dll
0x00007ffa8eba0000 - 0x00007ffa8ec46000 	C:\WINDOWS\System32\sechost.dll
0x00007ffa90000000 - 0x00007ffa90118000 	C:\WINDOWS\System32\RPCRT4.dll
0x00007ffa8e1b0000 - 0x00007ffa8e224000 	C:\WINDOWS\System32\WS2_32.dll
0x00007ffa8d170000 - 0x00007ffa8d1ce000 	C:\WINDOWS\SYSTEM32\POWRPROF.dll
0x00007ffa85340000 - 0x00007ffa85375000 	C:\WINDOWS\SYSTEM32\WINMM.dll
0x00007ffa85c30000 - 0x00007ffa85c3b000 	C:\WINDOWS\SYSTEM32\VERSION.dll
0x00007ffa8d150000 - 0x00007ffa8d164000 	C:\WINDOWS\SYSTEM32\UMPDC.dll
0x00007ffa8c0a0000 - 0x00007ffa8c0bb000 	C:\WINDOWS\SYSTEM32\kernel.appcore.dll
0x00007ffa6be10000 - 0x00007ffa6be1a000 	C:\Program Files\Java\jdk-23\bin\jimage.dll
0x00007ffa7ff20000 - 0x00007ffa80162000 	C:\WINDOWS\SYSTEM32\DBGHELP.DLL
0x00007ffa8ec50000 - 0x00007ffa8efcb000 	C:\WINDOWS\System32\combase.dll
0x00007ffa8df30000 - 0x00007ffa8e007000 	C:\WINDOWS\System32\OLEAUT32.dll
0x00007ffa6b370000 - 0x00007ffa6b3ad000 	C:\WINDOWS\SYSTEM32\dbgcore.DLL
0x00007ffa8d450000 - 0x00007ffa8d4e9000 	C:\WINDOWS\System32\bcryptPrimitives.dll
0x00007ffa48e90000 - 0x00007ffa48eae000 	C:\Program Files\Java\jdk-23\bin\java.dll
0x00007ffa8e010000 - 0x00007ffa8e1a8000 	C:\WINDOWS\System32\ole32.dll
0x00007ffa8e450000 - 0x00007ffa8eb9d000 	C:\WINDOWS\System32\SHELL32.dll
0x00007ffa8d4f0000 - 0x00007ffa8d65c000 	C:\WINDOWS\System32\wintypes.dll
0x00007ffa8af30000 - 0x00007ffa8b789000 	C:\WINDOWS\SYSTEM32\windows.storage.dll
0x00007ffa8e2f0000 - 0x00007ffa8e3e0000 	C:\WINDOWS\System32\SHCORE.dll
0x00007ffa8f280000 - 0x00007ffa8f2e2000 	C:\WINDOWS\System32\shlwapi.dll
0x00007ffa8d210000 - 0x00007ffa8d239000 	C:\WINDOWS\SYSTEM32\profapi.dll
0x00007ffa6bc00000 - 0x00007ffa6bc10000 	C:\Program Files\Java\jdk-23\bin\net.dll
0x00007ffa279e0000 - 0x00007ffa27ab7000 	C:\Program Files\Java\jdk-23\bin\jsvml.dll
0x00007ffa8c630000 - 0x00007ffa8c69b000 	C:\WINDOWS\system32\mswsock.dll
0x00007ffa48e20000 - 0x00007ffa48e36000 	C:\Program Files\Java\jdk-23\bin\nio.dll
0x00007ffa44660000 - 0x00007ffa44677000 	C:\Program Files\Java\jdk-23\bin\zip.dll
0x00007ffa04250000 - 0x00007ffa04274000 	C:\Users\Anuj\AppData\Local\Temp\jansi-2.4.1-3bfe995b25dedc7-jansi.dll
0x00007ffa696a0000 - 0x00007ffa696b0000 	C:\Program Files\Java\jdk-23\bin\verify.dll

dbghelp: loaded successfully - version: 4.0.5 - missing functions: none
symbol engine: initialized successfully - sym options: 0x614 - pdb path: .;C:\Program Files\Java\jdk-23\bin;C:\WINDOWS\SYSTEM32;C:\WINDOWS\WinSxS\amd64_microsoft.windows.common-controls_6595b64144ccf1df_6.0.26100.5074_none_3e0d6f78e32fd63f;C:\Program Files\Java\jdk-23\bin\server;C:\Users\Anuj\AppData\Local\Temp

VM Arguments:
jvm_args: -Dmaven.multiModuleProjectDirectory=C:\Users\Anuj\Desktop\fitness-microservices\activityservice -Djansi.passthrough=true -Dmaven.home=C:\Program Files\JetBrains\IntelliJ IDEA Community Edition 2024.3.2.1\plugins\maven\lib\maven3 -Dclassworlds.conf=C:\Program Files\JetBrains\IntelliJ IDEA Community Edition 2024.3.2.1\plugins\maven\lib\maven3\bin\m2.conf -Dmaven.ext.class.path=C:\Program Files\JetBrains\IntelliJ IDEA Community Edition 2024.3.2.1\plugins\maven\lib\maven-event-listener.jar -Dfile.encoding=UTF-8 -Dsun.stdout.encoding=UTF-8 -Dsun.stderr.encoding=UTF-8 
java_command: org.codehaus.classworlds.Launcher -Didea.version=2024.3.2.1 install --non-recursive
java_class_path (initial): C:\Program Files\JetBrains\IntelliJ IDEA Community Edition 2024.3.2.1\plugins\maven\lib\maven3\boot\plexus-classworlds-2.8.0.jar;C:\Program Files\JetBrains\IntelliJ IDEA Community Edition 2024.3.2.1\plugins\maven\lib\maven3\boot\plexus-classworlds.license
Launcher Type: SUN_STANDARD

[Global flags]
     intx CICompilerCount                          = 4                                         {product} {ergonomic}
     uint ConcGCThreads                            = 3                                         {product} {ergonomic}
     uint G1ConcRefinementThreads                  = 10                                        {product} {ergonomic}
   size_t G1HeapRegionSize                         = 1048576                                   {product} {ergonomic}
   size_t InitialHeapSize                          = 123731968                                 {product} {ergonomic}
   size_t MarkStackSize                            = 4194304                                   {product} {ergonomic}
   size_t MarkStackSizeMax                         = 536870912                                 {product} {ergonomic}
   size_t MaxHeapSize                              = 1973420032                                {product} {ergonomic}
   size_t MaxNewSize                               = 1183842304                                {product} {ergonomic}
   size_t MinHeapDeltaBytes                        = 1048576                                   {product} {ergonomic}
   size_t MinHeapSize                              = 8388608                                   {product} {ergonomic}
    uintx NonNMethodCodeHeapSize                   = 5832704                                {pd product} {ergonomic}
    uintx NonProfiledCodeHeapSize                  = 122945536                              {pd product} {ergonomic}
    uintx ProfiledCodeHeapSize                     = 122880000                              {pd product} {ergonomic}
    uintx ReservedCodeCacheSize                    = 251658240                              {pd product} {ergonomic}
     bool SegmentedCodeCache                       = true                                      {product} {ergonomic}
   size_t SoftMaxHeapSize                          = 1973420032                             {manageable} {ergonomic}
     bool UseCompressedOops                        = true                           {product lp64_product} {ergonomic}
     bool UseG1GC                                  = true                                      {product} {ergonomic}
     bool UseLargePagesIndividualAllocation        = false                                  {pd product} {ergonomic}

Logging:
Log output configuration:
 #0: stdout all=warning uptime,level,tags foldmultilines=false
 #1: stderr all=off uptime,level,tags foldmultilines=false

Environment Variables:
PATH=C:\Program Files (x86)\VMware\VMware Workstation\bin\;C:\Program Files\Common Files\Oracle\Java\javapath;C:\windows\system32;C:\windows;C:\windows\System32\Wbem;C:\windows\System32\WindowsPowerShell\v1.0\;C:\windows\System32\OpenSSH\;C:\Program Files (x86)\NVIDIA Corporation\PhysX\Common;C:\Program Files\NVIDIA Corporation\NVIDIA NvDLISR;C:\msys64\mingw64\bin;C:\WINDOWS\system32;C:\WINDOWS;C:\WINDOWS\System32\Wbem;C:\WINDOWS\System32\WindowsPowerShell\v1.0\;C:\WINDOWS\System32\OpenSSH\;C:\Program Files\dotnet\;C:\Program Files\HP\HP One Agent;C:\WINDOWS\system32;C:\WINDOWS;C:\WINDOWS\System32\Wbem;C:\WINDOWS\System32\WindowsPowerShell\v1.0\;C:\WINDOWS\System32\OpenSSH\;D:\Git\cmd;C:\Program Files\nodejs\;C:\Program Files\MySQL\MySQL Server 8.0\bin;C:\Program Files\Amazon\AWSCLIV2\;;C:\Program Files\Docker\Docker\resources\bin;C:\Program Files\MySQL\MySQL Shell 8.0\bin\;C:\MinGW\bin;C:\Users\Anuj\AppData\Local\Programs\Microsoft VS Code\bin;C:\msys64\mingw64\bin;C:\Users\Anuj\AppData\Local\Microsoft\WindowsApps;C:\Program Files\JetBrains\IntelliJ IDEA Community Edition 2024.3.2.1\bin;;C:\Flutter\flutter\bin;C:\Users\Anuj\AppData\Local\GitHubDesktop\bin;C:\Users\Anuj\AppData\Roaming\npm;C:\Users\Anuj\Desktop\terraf\;
USERNAME=Anuj
OS=Windows_NT
PROCESSOR_IDENTIFIER=AMD64 Family 25 Model 80 Stepping 0, AuthenticAMD
TMP=C:\Users\Anuj\AppData\Local\Temp
TEMP=C:\Users\Anuj\AppData\Local\Temp




Periodic native trim disabled

---------------  S Y S T E M  ---------------

OS:
 Windows 11 , 64 bit Build 26100 (10.0.26100.5074)
OS uptime: 8 days 20:05 hours
Hyper-V role detected

CPU: total 12 (initial active 12) (12 cores per cpu, 2 threads per core) family 25 model 80 stepping 0 microcode 0xa500011, cx8, cmov, fxsr, ht, mmx, 3dnowpref, sse, sse2, sse3, ssse3, sse4a, sse4.1, sse4.2, popcnt, lzcnt, tsc, tscinvbit, avx, avx2, aes, erms, clmul, bmi1, bmi2, adx, sha, fma, vzeroupper, clflush, clflushopt, hv, rdtscp, rdpid, fsrm, f16c, cet_ss
Processor Information for the first 12 processors :
  Max Mhz: 3301, Current Mhz: 3301, Mhz Limit: 3301

Memory: 4k page, system-wide physical 7521M (1M free)
TotalPageFile size 31073M (AvailPageFile size 128M)
current process WorkingSet (physical memory assigned to process): 71M, peak: 116M
current process commit charge ("private bytes"): 266M, peak: 267M

vm_info: Java HotSpot(TM) 64-Bit Server VM (23.0.2+7-58) for windows-amd64 JRE (23.0.2+7-58), built on 2024-11-29T09:34:55Z with MS VC++ 17.6 (VS2022)

END.
